This is LuaTeX, Version 1.10.0 (TeX Live 2019/Debian)  (format=lualatex 2022.11.13)  13 NOV 2022 20:19
 restricted system commands enabled.
**./resume.tex
(./resume.tex
LaTeX2e <2020-02-02> patch level 2
Lua module: luaotfload-main 2020-02-02 3.12 luaotfload entry point
Lua module: luaotfload-init 2020-02-02 3.12 luaotfload submodule / initializatio
n
Lua module: lualibs 2020-02-02 2.70 ConTeXt Lua standard libraries.
Lua module: lualibs-extended 2020-02-02 2.70 ConTeXt Lua libraries -- extended c
ollection.
Lua module: luaotfload-log 2020-02-02 3.12 luaotfload submodule / logging
Lua module: luaotfload-parsers 2020-02-02 3.12 luaotfload submodule / filelist
Lua module: luaotfload-configuration 2020-02-02 3.12 luaotfload submodule / conf
ig file reader
luaotfload | conf : Root cache directory is /home/kendreaditya/.texlive2019/texm
f-var/luatex-cache/generic-dev/names.
luaotfload | init : Loading fontloader “fontloader-2020-01-26.lua” from kpse
-resolved path “/usr/share/texlive/texmf-dist/tex/luatex/luaotfload/fontloader
-2020-01-26.lua”.
Lua-only attribute luaotfload@state = 2
Lua-only attribute luaotfload@noligature = 3
Lua-only attribute luaotfload@syllabe = 4
luaotfload | init : Context OpenType loader version “3.11”
Inserting `luaotfload.node_processor' at position 1 in `pre_linebreak_filter'.
Inserting `luaotfload.node_processor' at position 1 in `hpack_filter'.
Lua module: luaotfload-loaders 2020-02-02 3.12 luaotfload submodule / callback h
andling
Inserting `luaotfload.define_font' at position 1 in `define_font'.
Lua module: luaotfload-database 2020-02-02 3.12 luaotfload submodule / database
Lua module: luaotfload-unicode 2020-02-02 3.12 luaotfload submodule / Unicode he
lpers
Lua module: luaotfload-colors 2020-02-02 3.12 luaotfload submodule / color
Lua-only attribute luaotfload_color_attribute = 5
Lua module: luaotfload-resolvers 2020-02-02 3.12 luaotfload submodule / resolver
s
luaotfload | conf : Root cache directory is /home/kendreaditya/.texlive2019/texm
f-var/luatex-cache/generic-dev/names.
Lua module: luaotfload-features 2020-02-02 3.12 luaotfload submodule / features
Lua module: luaotfload-letterspace 2020-02-02 3.12 luaotfload submodule / color
Lua module: luaotfload-embolden 2020-02-02 3.12 luaotfload submodule / color
Lua module: luaotfload-notdef 2020-02-02 3.12 luaotfload submodule / color
Lua module: luaotfload-auxiliary 2020-02-02 3.12 luaotfload submodule / auxiliar
y functions
Inserting `luaotfload.aux.set_sscale_dimens' at position 1 in `luaotfload.patch_
font'.
Inserting `luaotfload.aux.set_font_index' at position 2 in `luaotfload.patch_fon
t'.
Inserting `luaotfload.aux.patch_cambria_domh' at position 3 in `luaotfload.patch
_font'.
Inserting `luaotfload.aux.fixup_fontdata' at position 1 in `luaotfload.patch_fon
t_unsafe'.
Inserting `luaotfload.aux.set_capheight' at position 4 in `luaotfload.patch_font
'.
Inserting `luaotfload.aux.set_xheight' at position 5 in `luaotfload.patch_font'.
Lua module: luaotfload-fallback 2020-02-02 3.12 luaotfload submodule / fallback
Lua module: luaotfload-multiscript 2020-02-02 3.12 luaotfload submodule / multis
cript
Lua module: luaotfload-script 2020-02-02 3.12 luaotfload submodule / Script help
ers
Lua module: luaotfload-tounicode 2020-02-02 3.12 luaotfload submodule / tounicod
e
Inserting `luaotfload.rewrite_fontname' at position 6 in `luaotfload.patch_font'
. L3 programming layer <2020-02-14>
(/usr/share/texlive/texmf-dist/tex/latex/base/article.cls
Document Class: article 2019/12/20 v1.4l Standard LaTeX document class
(/usr/share/texlive/texmf-dist/tex/latex/base/size11.clo
File: size11.clo 2019/12/20 v1.4l Standard LaTeX file (size option)
luaotfload | db : Font names database not found, generating new one.
luaotfload | db : This can take several minutes; please be patient.)
\c@part=\count163
\c@section=\count164
\c@subsection=\count165
\c@subsubsection=\count166
\c@paragraph=\count167
\c@subparagraph=\count168
\c@figure=\count169
\c@table=\count170
\abovecaptionskip=\skip47
\belowcaptionskip=\skip48
\bibindent=\dimen134
)
(/usr/share/texlive/texmf-dist/tex/lualatex/luacode/luacode.sty
Package: luacode 2012/01/23 v1.2a lua-in-tex helpers (mpg)

(/usr/share/texlive/texmf-dist/tex/generic/iftex/ifluatex.sty
Package: ifluatex 2019/10/25 v1.5 ifluatex legacy package. Use iftex instead.

(/usr/share/texlive/texmf-dist/tex/generic/iftex/iftex.sty
Package: iftex 2019/11/07 v1.0c TeX engine tests
))
(/usr/share/texlive/texmf-dist/tex/luatex/luatexbase/luatexbase.sty
Package: luatexbase 2015/10/04 v1.3 luatexbase interface to LuaTeX 

(/usr/share/texlive/texmf-dist/tex/luatex/ctablestack/ctablestack.sty
Package: ctablestack 2015/10/01 v1.0 Catcode table stable support
\@catcodetablestackcnt=\count171
)
\CatcodeTableOther=\catcodetable5
\CatcodeTableExpl=\catcodetable6
)
\luacode@lines=\toks14
\luacode@table@soft=\catcodetable7
)
(/usr/share/texlive/texmf-dist/tex/latex/base/latexsym.sty
Package: latexsym 1998/08/17 v2.2e Standard LaTeX package (lasy symbols)
\symlasy=\mathgroup4
LaTeX Font Info:    Overwriting symbol font `lasy' in version `bold'
(Font)                  U/lasy/m/n --> U/lasy/b/n on input line 52.
)
(/usr/share/texlive/texmf-dist/tex/latex/preprint/fullpage.sty
Package: fullpage 1999/02/23 1.1 (PWD)
\FP@margin=\skip49
)
(/usr/share/texlive/texmf-dist/tex/latex/titlesec/titlesec.sty
Package: titlesec 2019/10/16 v2.13 Sectioning titles
\ttl@box=\box45
\beforetitleunit=\skip50
\aftertitleunit=\skip51
\ttl@plus=\dimen135
\ttl@minus=\dimen136
\ttl@toksa=\toks15
\titlewidth=\dimen137
\titlewidthlast=\dimen138
\titlewidthfirst=\dimen139
)
(/usr/share/texlive/texmf-dist/tex/latex/marvosym/marvosym.sty
Package: marvosym 2011/07/20 v2.2 Martin Vogel's Symbols font definitions
)
(/usr/share/texlive/texmf-dist/tex/latex/graphics/color.sty
Package: color 2019/11/23 v1.2a Standard LaTeX Color (DPC)

(/usr/share/texlive/texmf-dist/tex/latex/graphics-cfg/color.cfg
File: color.cfg 2016/01/02 v1.6 sample color configuration
)
Package color Info: Driver file: luatex.def on input line 147.

(/usr/share/texlive/texmf-dist/tex/latex/graphics-def/luatex.def
File: luatex.def 2018/01/08 v1.0l Graphics/color driver for luatex
)
(/usr/share/texlive/texmf-dist/tex/latex/graphics/dvipsnam.def
File: dvipsnam.def 2016/06/17 v3.0m Driver-dependent file (DPC,SPQR)
))
(/usr/share/texlive/texmf-dist/tex/latex/tools/verbatim.sty
Package: verbatim 2019/11/10 v1.5r LaTeX2e package for verbatim enhancements
\every@verbatim=\toks16
\verbatim@line=\toks17
\verbatim@in@stream=\read2
)
(/usr/share/texlive/texmf-dist/tex/latex/enumitem/enumitem.sty
Package: enumitem 2019/06/20 v3.9 Customized lists
\enitkv@toks@=\toks18
\labelindent=\skip52
\enit@outerparindent=\dimen140
\enit@toks=\toks19
\enit@inbox=\box46
\enit@count@id=\count172
\enitdp@description=\count173
)
(/usr/share/texlive/texmf-dist/tex/latex/hyperref/hyperref.sty
Package: hyperref 2020/01/14 v7.00d Hypertext links for LaTeX

(/usr/share/texlive/texmf-dist/tex/generic/ltxcmds/ltxcmds.sty
Package: ltxcmds 2019/12/15 v1.24 LaTeX kernel commands for general use (HO)
)
(/usr/share/texlive/texmf-dist/tex/latex/pdftexcmds/pdftexcmds.sty
Package: pdftexcmds 2019/11/24 v0.31 Utility functions of pdfTeX for LuaTeX (HO)


(/usr/share/texlive/texmf-dist/tex/generic/infwarerr/infwarerr.sty
Package: infwarerr 2019/12/03 v1.5 Providing info/warning/error messages (HO)
)
Package pdftexcmds Info: \pdf@primitive is available.
Package pdftexcmds Info: \pdf@ifprimitive is available.
Package pdftexcmds Info: \pdfdraftmode found.
\pdftexcmds@toks=\toks20
)
(/usr/share/texlive/texmf-dist/tex/latex/graphics/keyval.sty
Package: keyval 2014/10/28 v1.15 key=value parser (DPC)
\KV@toks@=\toks21
)
(/usr/share/texlive/texmf-dist/tex/generic/kvsetkeys/kvsetkeys.sty
Package: kvsetkeys 2019/12/15 v1.18 Key value parser (HO)
)
(/usr/share/texlive/texmf-dist/tex/generic/kvdefinekeys/kvdefinekeys.sty
Package: kvdefinekeys 2019-12-19 v1.6 Define keys (HO)
)
(/usr/share/texlive/texmf-dist/tex/generic/pdfescape/pdfescape.sty
Package: pdfescape 2019/12/09 v1.15 Implements pdfTeX's escape features (HO)
)
(/usr/share/texlive/texmf-dist/tex/latex/hycolor/hycolor.sty
Package: hycolor 2020-01-27 v1.10 Color options for hyperref/bookmark (HO)
)
(/usr/share/texlive/texmf-dist/tex/latex/letltxmacro/letltxmacro.sty
Package: letltxmacro 2019/12/03 v1.6 Let assignment for LaTeX macros (HO)
)
(/usr/share/texlive/texmf-dist/tex/latex/auxhook/auxhook.sty
Package: auxhook 2019-12-17 v1.6 Hooks for auxiliary files (HO)
)
(/usr/share/texlive/texmf-dist/tex/latex/kvoptions/kvoptions.sty
Package: kvoptions 2019/11/29 v3.13 Key value format for package options (HO)
)
\@linkdim=\dimen141
\Hy@linkcounter=\count174
\Hy@pagecounter=\count175

(/usr/share/texlive/texmf-dist/tex/latex/hyperref/pd1enc.def
File: pd1enc.def 2020/01/14 v7.00d Hyperref: PDFDocEncoding definition (HO)
)
(/usr/share/texlive/texmf-dist/tex/generic/intcalc/intcalc.sty
Package: intcalc 2019/12/15 v1.3 Expandable calculations with integers (HO)
)
(/usr/share/texlive/texmf-dist/tex/generic/etexcmds/etexcmds.sty
Package: etexcmds 2019/12/15 v1.7 Avoid name clashes with e-TeX commands (HO)
)
\Hy@SavedSpaceFactor=\count176
Package hyperref Info: Hyper figures OFF on input line 4547.
Package hyperref Info: Link nesting OFF on input line 4552.
Package hyperref Info: Hyper index ON on input line 4555.
Package hyperref Info: Plain pages OFF on input line 4562.
Package hyperref Info: Backreferencing OFF on input line 4567.
Package hyperref Info: Implicit mode ON; LaTeX internals redefined.
Package hyperref Info: Bookmarks ON on input line 4800.
\c@Hy@tempcnt=\count177

(/usr/share/texlive/texmf-dist/tex/latex/url/url.sty
\Urlmuskip=\muskip16
Package: url 2013/09/16  ver 3.4  Verb mode for urls, etc.
)
LaTeX Info: Redefining \url on input line 5159.
\XeTeXLinkMargin=\dimen142

(/usr/share/texlive/texmf-dist/tex/generic/bitset/bitset.sty
Package: bitset 2019/12/09 v1.3 Handle bit-vector datatype (HO)

(/usr/share/texlive/texmf-dist/tex/generic/bigintcalc/bigintcalc.sty
Package: bigintcalc 2019/12/15 v1.5 Expandable calculations on big integers (HO)

))
\Fld@menulength=\count178
\Field@Width=\dimen143
\Fld@charsize=\dimen144
Package hyperref Info: Hyper figures OFF on input line 6430.
Package hyperref Info: Link nesting OFF on input line 6435.
Package hyperref Info: Hyper index ON on input line 6438.
Package hyperref Info: backreferencing OFF on input line 6445.
Package hyperref Info: Link coloring OFF on input line 6450.
Package hyperref Info: Link coloring with OCG OFF on input line 6455.
Package hyperref Info: PDF/A mode OFF on input line 6460.
LaTeX Info: Redefining \ref on input line 6500.
LaTeX Info: Redefining \pageref on input line 6504.

(/usr/share/texlive/texmf-dist/tex/generic/atbegshi/atbegshi.sty
Package: atbegshi 2019/12/05 v1.19 At begin shipout hook (HO)
)
\Hy@abspage=\count179
\c@Item=\count180
\c@Hfootnote=\count181
)
Package hyperref Info: Driver (autodetected): hluatex.

(/usr/share/texlive/texmf-dist/tex/latex/hyperref/hluatex.def
File: hluatex.def 2020/01/14 v7.00d Hyperref driver for luaTeX

(/usr/share/texlive/texmf-dist/tex/latex/hyperref/puenc.def
File: puenc.def 2020/01/14 v7.00d Hyperref: PDF Unicode definition (HO)
)
(/usr/share/texlive/texmf-dist/tex/generic/stringenc/stringenc.sty
Package: stringenc 2019/11/29 v1.12 Convert strings between diff. encodings (HO)

)
(/usr/share/texlive/texmf-dist/tex/latex/atveryend/atveryend.sty
Package: atveryend 2019-12-11 v1.11 Hooks at the very end of document (HO)
Package atveryend Info: \enddocument detected (standard20110627).
)
\Fld@listcount=\count182
\c@bookmark@seq@number=\count183

(/usr/share/texlive/texmf-dist/tex/latex/rerunfilecheck/rerunfilecheck.sty
Package: rerunfilecheck 2019/12/05 v1.9 Rerun checks for auxiliary files (HO)

(/usr/share/texlive/texmf-dist/tex/generic/uniquecounter/uniquecounter.sty
Package: uniquecounter 2019/12/15 v1.4 Provide unlimited unique counter (HO)
)
Package uniquecounter Info: New unique counter `rerunfilecheck' on input line 28
6.
)
\Hy@SectionHShift=\skip53
)
(/usr/share/texlive/texmf-dist/tex/latex/fancyhdr/fancyhdr.sty
Package: fancyhdr 2019/01/31 v3.10 Extensive control of page headers and footers

\f@nch@headwidth=\skip54
\f@nch@O@elh=\skip55
\f@nch@O@erh=\skip56
\f@nch@O@olh=\skip57
\f@nch@O@orh=\skip58
\f@nch@O@elf=\skip59
\f@nch@O@erf=\skip60
\f@nch@O@olf=\skip61
\f@nch@O@orf=\skip62
)
(/usr/share/texlive/texmf-dist/tex/generic/babel/babel.sty
Package: babel 2020/02/14 3.40 The Babel package

(/usr/share/texlive/texmf-dist/tex/generic/babel/switch.def
File: switch.def 2020/02/14 3.40 Babel switching mechanism
)
(/usr/share/texlive/texmf-dist/tex/generic/babel/luababel.def
\bbl@readstream=\read3
\l@dumylang=\language2
Package babel Info: Non-standard hyphenation setup on input line 117.
\l@nohyphenation=\language3
)
(/usr/share/texlive/texmf-dist/tex/generic/babel-english/english.ldf
Language: english 2017/06/06 v3.3r English support from the babel system

(/usr/share/texlive/texmf-dist/tex/generic/babel/babel.def
File: babel.def 2020/02/14 3.40 Babel common definitions
\babel@savecnt=\count184
\U@D=\dimen145

(/usr/share/texlive/texmf-dist/tex/generic/babel/luababel.def
\bbl@attr@locale=\attribute6
))
Package babel Info: \l@british = using hyphenrules for english
(babel)             (\language0) on input line 82.
Package babel Info: \l@UKenglish = using hyphenrules for english
(babel)             (\language0) on input line 83.
Package babel Info: \l@canadian = using hyphenrules for english
(babel)             (\language0) on input line 102.
Package babel Info: \l@australian = using hyphenrules for english
(babel)             (\language0) on input line 105.
Package babel Info: \l@newzealand = using hyphenrules for english
(babel)             (\language0) on input line 108.
))
(/usr/share/texlive/texmf-dist/tex/latex/tools/tabularx.sty
Package: tabularx 2020/01/15 v2.11c `tabularx' package (DPC)

(/usr/share/texlive/texmf-dist/tex/latex/tools/array.sty
Package: array 2019/08/31 v2.4l Tabular extension package (FMi)
\col@sep=\dimen146
\ar@mcellbox=\box47
\extrarowheight=\dimen147
\NC@list=\toks22
\extratabsurround=\skip63
\backup@length=\skip64
\ar@cellbox=\box48
)
\TX@col@width=\dimen148
\TX@old@table=\dimen149
\TX@old@col=\dimen150
\TX@target=\dimen151
\TX@delta=\dimen152
\TX@cols=\count185
\TX@ftn=\toks23
)
(/usr/share/texlive/texmf-dist/tex/generic/pdftex/glyphtounicode.tex
! Undefined control sequence.
l.7 \pdfglyphtounicode
                    {A}{0041}
? 

! LaTeX Error: Missing \begin{document}.

See the LaTeX manual or LaTeX Companion for explanation.
Type  H <return>  for immediate help.
 ...                                              
                                                  
l.7 \pdfglyphtounicode{A
                      }{0041}
? 
! Undefined control sequence.
l.8 \pdfglyphtounicode
                    {AE}{00C6}
? 
! Undefined control sequence.
l.9 \pdfglyphtounicode
                    {AEacute}{01FC}
? h
The control sequence at the end of the top line
of your error message was never \def'ed. If you have
misspelled it (e.g., `\hobx'), type `I' and the correct
spelling (e.g., `I\hbox'). Otherwise just continue,
and I'll forget about whatever was undefined.
? 
! Undefined control sequence.
l.10 \pdfglyphtounicode
                     {AEmacron}{01E2}
? 
! Undefined control sequence.
l.11 \pdfglyphtounicode
                     {AEsmall}{00E6}
? 
! Undefined control sequence.
l.12 \pdfglyphtounicode
                     {Aacute}{00C1}
? 
! Undefined control sequence.
l.13 \pdfglyphtounicode
                     {Aacutesmall}{00E1}
? 
! Undefined control sequence.
l.14 \pdfglyphtounicode
                     {Abreve}{0102}
? 
! Undefined control sequence.
l.15 \pdfglyphtounicode
                     {Abreveacute}{1EAE}
? 
! Undefined control sequence.
l.16 \pdfglyphtounicode
                     {Abrevecyrillic}{04D0}
? 
! Undefined control sequence.
l.17 \pdfglyphtounicode
                     {Abrevedotbelow}{1EB6}
? 
! Undefined control sequence.
l.18 \pdfglyphtounicode
                     {Abrevegrave}{1EB0}
? 
! Undefined control sequence.
l.19 \pdfglyphtounicode
                     {Abrevehookabove}{1EB2}
? 
! Undefined control sequence.
l.20 \pdfglyphtounicode
                     {Abrevetilde}{1EB4}
? 
! Undefined control sequence.
l.21 \pdfglyphtounicode
                     {Acaron}{01CD}
? 
! Undefined control sequence.
l.22 \pdfglyphtounicode
                     {Acircle}{24B6}
? 
! Undefined control sequence.
l.23 \pdfglyphtounicode
                     {Acircumflex}{00C2}
? 
! Undefined control sequence.
l.24 \pdfglyphtounicode
                     {Acircumflexacute}{1EA4}
? 
! Undefined control sequence.
l.25 \pdfglyphtounicode
                     {Acircumflexdotbelow}{1EAC}
? 
! Undefined control sequence.
l.26 \pdfglyphtounicode
                     {Acircumflexgrave}{1EA6}
? 
! Undefined control sequence.
l.27 \pdfglyphtounicode
                     {Acircumflexhookabove}{1EA8}
? 
! Undefined control sequence.
l.28 \pdfglyphtounicode
                     {Acircumflexsmall}{00E2}
? 
! Undefined control sequence.
l.29 \pdfglyphtounicode
                     {Acircumflextilde}{1EAA}
? 
! Undefined control sequence.
l.30 \pdfglyphtounicode
                     {Acute}{00B4}
? 
! Undefined control sequence.
l.31 \pdfglyphtounicode
                     {Acutesmall}{00B4}
? 
! Undefined control sequence.
l.32 \pdfglyphtounicode
                     {Acyrillic}{0410}
? 
! Undefined control sequence.
l.33 \pdfglyphtounicode
                     {Adblgrave}{0200}
? 
! Undefined control sequence.
l.34 \pdfglyphtounicode
                     {Adieresis}{00C4}
? 
! Undefined control sequence.
l.35 \pdfglyphtounicode
                     {Adieresiscyrillic}{04D2}
? 
! Undefined control sequence.
l.36 \pdfglyphtounicode
                     {Adieresismacron}{01DE}
? 
! Undefined control sequence.
l.37 \pdfglyphtounicode
                     {Adieresissmall}{00E4}
? 
! Undefined control sequence.
l.38 \pdfglyphtounicode
                     {Adotbelow}{1EA0}
? 
! Undefined control sequence.
l.39 \pdfglyphtounicode
                     {Adotmacron}{01E0}
? 
! Undefined control sequence.
l.40 \pdfglyphtounicode
                     {Agrave}{00C0}
? 
! Undefined control sequence.
l.41 \pdfglyphtounicode
                     {Agravesmall}{00E0}
? 
! Undefined control sequence.
l.42 \pdfglyphtounicode
                     {Ahookabove}{1EA2}
? 
! Undefined control sequence.
l.43 \pdfglyphtounicode
                     {Aiecyrillic}{04D4}
? 
! Undefined control sequence.
l.44 \pdfglyphtounicode
                     {Ainvertedbreve}{0202}
? 
! Undefined control sequence.
l.45 \pdfglyphtounicode
                     {Alpha}{0391}
? 
! Undefined control sequence.
l.46 \pdfglyphtounicode
                     {Alphatonos}{0386}
? 
! Undefined control sequence.
l.47 \pdfglyphtounicode
                     {Amacron}{0100}
? 
! Undefined control sequence.
l.48 \pdfglyphtounicode
                     {Amonospace}{FF21}
? 
! Undefined control sequence.
l.49 \pdfglyphtounicode
                     {Aogonek}{0104}
? 
! Undefined control sequence.
l.50 \pdfglyphtounicode
                     {Aring}{00C5}
? 
! Undefined control sequence.
l.51 \pdfglyphtounicode
                     {Aringacute}{01FA}
? 
! Undefined control sequence.
l.52 \pdfglyphtounicode
                     {Aringbelow}{1E00}
? 
! Undefined control sequence.
l.53 \pdfglyphtounicode
                     {Aringsmall}{00E5}
? 
! Undefined control sequence.
l.54 \pdfglyphtounicode
                     {Asmall}{0061}
? 
! Undefined control sequence.
l.55 \pdfglyphtounicode
                     {Atilde}{00C3}
? 
! Undefined control sequence.
l.56 \pdfglyphtounicode
                     {Atildesmall}{00E3}
? 
! Undefined control sequence.
l.57 \pdfglyphtounicode
                     {Aybarmenian}{0531}
? 
! Undefined control sequence.
l.58 \pdfglyphtounicode
                     {B}{0042}
? 
! Undefined control sequence.
l.59 \pdfglyphtounicode
                     {Bcircle}{24B7}
? 
! Undefined control sequence.
l.60 \pdfglyphtounicode
                     {Bdotaccent}{1E02}
? 
! Undefined control sequence.
l.61 \pdfglyphtounicode
                     {Bdotbelow}{1E04}
? 
! Undefined control sequence.
l.62 \pdfglyphtounicode
                     {Becyrillic}{0411}
? 
! Undefined control sequence.
l.63 \pdfglyphtounicode
                     {Benarmenian}{0532}
? 
! Undefined control sequence.
l.64 \pdfglyphtounicode
                     {Beta}{0392}
? 
! Undefined control sequence.
l.65 \pdfglyphtounicode
                     {Bhook}{0181}
? 
! Undefined control sequence.
l.66 \pdfglyphtounicode
                     {Blinebelow}{1E06}
? 
! Undefined control sequence.
l.67 \pdfglyphtounicode
                     {Bmonospace}{FF22}
? 
! Undefined control sequence.
l.68 \pdfglyphtounicode
                     {Brevesmall}{02D8}
? 
! Undefined control sequence.
l.69 \pdfglyphtounicode
                     {Bsmall}{0062}
? 
! Undefined control sequence.
l.70 \pdfglyphtounicode
                     {Btopbar}{0182}
? 
! Undefined control sequence.
l.71 \pdfglyphtounicode
                     {C}{0043}
? 
! Undefined control sequence.
l.72 \pdfglyphtounicode
                     {Caarmenian}{053E}
? 
! Undefined control sequence.
l.73 \pdfglyphtounicode
                     {Cacute}{0106}
? 
! Undefined control sequence.
l.74 \pdfglyphtounicode
                     {Caron}{02C7}
? 
! Undefined control sequence.
l.75 \pdfglyphtounicode
                     {Caronsmall}{02C7}
? 
! Undefined control sequence.
l.76 \pdfglyphtounicode
                     {Ccaron}{010C}
? 
! Undefined control sequence.
l.77 \pdfglyphtounicode
                     {Ccedilla}{00C7}
? 
! Undefined control sequence.
l.78 \pdfglyphtounicode
                     {Ccedillaacute}{1E08}
? 
! Undefined control sequence.
l.79 \pdfglyphtounicode
                     {Ccedillasmall}{00E7}
? 
! Undefined control sequence.
l.80 \pdfglyphtounicode
                     {Ccircle}{24B8}
? 
! Undefined control sequence.
l.81 \pdfglyphtounicode
                     {Ccircumflex}{0108}
? 
! Undefined control sequence.
l.82 \pdfglyphtounicode
                     {Cdot}{010A}
? 
! Undefined control sequence.
l.83 \pdfglyphtounicode
                     {Cdotaccent}{010A}
? 
! Undefined control sequence.
l.84 \pdfglyphtounicode
                     {Cedillasmall}{00B8}
? 
! Undefined control sequence.
l.85 \pdfglyphtounicode
                     {Chaarmenian}{0549}
? 
! Undefined control sequence.
l.86 \pdfglyphtounicode
                     {Cheabkhasiancyrillic}{04BC}
? 
! Undefined control sequence.
l.87 \pdfglyphtounicode
                     {Checyrillic}{0427}
? 
! Undefined control sequence.
l.88 \pdfglyphtounicode
                     {Chedescenderabkhasiancyrillic}{04BE}
? 
! Undefined control sequence.
l.89 \pdfglyphtounicode
                     {Chedescendercyrillic}{04B6}
? 
! Undefined control sequence.
l.90 \pdfglyphtounicode
                     {Chedieresiscyrillic}{04F4}
? 
! Undefined control sequence.
l.91 \pdfglyphtounicode
                     {Cheharmenian}{0543}
? 
! Undefined control sequence.
l.92 \pdfglyphtounicode
                     {Chekhakassiancyrillic}{04CB}
? 
! Undefined control sequence.
l.93 \pdfglyphtounicode
                     {Cheverticalstrokecyrillic}{04B8}
? 
! Undefined control sequence.
l.94 \pdfglyphtounicode
                     {Chi}{03A7}
? 
! Undefined control sequence.
l.95 \pdfglyphtounicode
                     {Chook}{0187}
? 
! Undefined control sequence.
l.96 \pdfglyphtounicode
                     {Circumflexsmall}{02C6}
? 
! Undefined control sequence.
l.97 \pdfglyphtounicode
                     {Cmonospace}{FF23}
? 
! Undefined control sequence.
l.98 \pdfglyphtounicode
                     {Coarmenian}{0551}
? 
! Undefined control sequence.
l.99 \pdfglyphtounicode
                     {Csmall}{0063}
? 
! Undefined control sequence.
l.100 \pdfglyphtounicode
                      {D}{0044}
? 
! Undefined control sequence.
l.101 \pdfglyphtounicode
                      {DZ}{01F1}
? 
! Undefined control sequence.
l.102 \pdfglyphtounicode
                      {DZcaron}{01C4}
? 
! Undefined control sequence.
l.103 \pdfglyphtounicode
                      {Daarmenian}{0534}
? 
! Undefined control sequence.
l.104 \pdfglyphtounicode
                      {Dafrican}{0189}
? 
! Undefined control sequence.
l.105 \pdfglyphtounicode
                      {Dbar}{0110}
? 
! Undefined control sequence.
l.106 \pdfglyphtounicode
                      {Dcaron}{010E}
? 
! Undefined control sequence.
l.107 \pdfglyphtounicode
                      {Dcedilla}{1E10}
? 
! Undefined control sequence.
l.108 \pdfglyphtounicode
                      {Dcircle}{24B9}
? 
! Undefined control sequence.
l.109 \pdfglyphtounicode
                      {Dcircumflexbelow}{1E12}
? 
! Undefined control sequence.
l.110 \pdfglyphtounicode
                      {Dcroat}{0110}
? 
! Undefined control sequence.
l.111 \pdfglyphtounicode
                      {Ddotaccent}{1E0A}
? 
! Undefined control sequence.
l.112 \pdfglyphtounicode
                      {Ddotbelow}{1E0C}
? 
! Undefined control sequence.
l.113 \pdfglyphtounicode
                      {Decyrillic}{0414}
? 
! Undefined control sequence.
l.114 \pdfglyphtounicode
                      {Deicoptic}{03EE}
? 
! Undefined control sequence.
l.115 \pdfglyphtounicode
                      {Delta}{2206}
? 
! Undefined control sequence.
l.116 \pdfglyphtounicode
                      {Deltagreek}{0394}
? 
! Undefined control sequence.
l.117 \pdfglyphtounicode
                      {Dhook}{018A}
? 
! Undefined control sequence.
l.118 \pdfglyphtounicode
                      {Dieresis}{00A8}
? 
! Undefined control sequence.
l.119 \pdfglyphtounicode
                      {DieresisAcute}{F6CC}
? 
! Undefined control sequence.
l.120 \pdfglyphtounicode
                      {DieresisGrave}{F6CD}
? 
! Undefined control sequence.
l.121 \pdfglyphtounicode
                      {Dieresissmall}{00A8}
? 
! Undefined control sequence.
l.122 \pdfglyphtounicode
                      {Digamma}{D875 DFCB}
? 
! Undefined control sequence.
l.123 \pdfglyphtounicode
                      {Digammagreek}{03DC}
? 
! Undefined control sequence.
l.124 \pdfglyphtounicode
                      {Djecyrillic}{0402}
? 
! Undefined control sequence.
l.125 \pdfglyphtounicode
                      {Dlinebelow}{1E0E}
? 
! Undefined control sequence.
l.126 \pdfglyphtounicode
                      {Dmonospace}{FF24}
? 
! Undefined control sequence.
l.127 \pdfglyphtounicode
                      {Dotaccentsmall}{02D9}
? 
! Undefined control sequence.
l.128 \pdfglyphtounicode
                      {Dslash}{0110}
? 
! Undefined control sequence.
l.129 \pdfglyphtounicode
                      {Dsmall}{0064}
? 
! Undefined control sequence.
l.130 \pdfglyphtounicode
                      {Dtopbar}{018B}
? 
! Undefined control sequence.
l.131 \pdfglyphtounicode
                      {Dz}{01F2}
? 
! Undefined control sequence.
l.132 \pdfglyphtounicode
                      {Dzcaron}{01C5}
? 
! Undefined control sequence.
l.133 \pdfglyphtounicode
                      {Dzeabkhasiancyrillic}{04E0}
? 
! Undefined control sequence.
l.134 \pdfglyphtounicode
                      {Dzecyrillic}{0405}
? 
! Undefined control sequence.
l.135 \pdfglyphtounicode
                      {Dzhecyrillic}{040F}
? 
! Undefined control sequence.
l.136 \pdfglyphtounicode
                      {E}{0045}
? 
! Undefined control sequence.
l.137 \pdfglyphtounicode
                      {Eacute}{00C9}
? 
! Undefined control sequence.
l.138 \pdfglyphtounicode
                      {Eacutesmall}{00E9}
? 
! Undefined control sequence.
l.139 \pdfglyphtounicode
                      {Ebreve}{0114}
? 
! Undefined control sequence.
l.140 \pdfglyphtounicode
                      {Ecaron}{011A}
? 
! Undefined control sequence.
l.141 \pdfglyphtounicode
                      {Ecedillabreve}{1E1C}
? 
! Undefined control sequence.
l.142 \pdfglyphtounicode
                      {Echarmenian}{0535}
? 
! Undefined control sequence.
l.143 \pdfglyphtounicode
                      {Ecircle}{24BA}
? 
! Undefined control sequence.
l.144 \pdfglyphtounicode
                      {Ecircumflex}{00CA}
? 
! Undefined control sequence.
l.145 \pdfglyphtounicode
                      {Ecircumflexacute}{1EBE}
? 
! Undefined control sequence.
l.146 \pdfglyphtounicode
                      {Ecircumflexbelow}{1E18}
? 
! Undefined control sequence.
l.147 \pdfglyphtounicode
                      {Ecircumflexdotbelow}{1EC6}
? 
! Undefined control sequence.
l.148 \pdfglyphtounicode
                      {Ecircumflexgrave}{1EC0}
? 
! Undefined control sequence.
l.149 \pdfglyphtounicode
                      {Ecircumflexhookabove}{1EC2}
? 
! Undefined control sequence.
l.150 \pdfglyphtounicode
                      {Ecircumflexsmall}{00EA}
? 
! Undefined control sequence.
l.151 \pdfglyphtounicode
                      {Ecircumflextilde}{1EC4}
? 
! Undefined control sequence.
l.152 \pdfglyphtounicode
                      {Ecyrillic}{0404}
? 
! Undefined control sequence.
l.153 \pdfglyphtounicode
                      {Edblgrave}{0204}
? 
! Undefined control sequence.
l.154 \pdfglyphtounicode
                      {Edieresis}{00CB}
? 
! Undefined control sequence.
l.155 \pdfglyphtounicode
                      {Edieresissmall}{00EB}
? 
! Undefined control sequence.
l.156 \pdfglyphtounicode
                      {Edot}{0116}
? 
! Undefined control sequence.
l.157 \pdfglyphtounicode
                      {Edotaccent}{0116}
? 
! Undefined control sequence.
l.158 \pdfglyphtounicode
                      {Edotbelow}{1EB8}
? 
! Undefined control sequence.
l.159 \pdfglyphtounicode
                      {Efcyrillic}{0424}
? 
! Undefined control sequence.
l.160 \pdfglyphtounicode
                      {Egrave}{00C8}
? 
! Undefined control sequence.
l.161 \pdfglyphtounicode
                      {Egravesmall}{00E8}
? 
! Undefined control sequence.
l.162 \pdfglyphtounicode
                      {Eharmenian}{0537}
? 
! Undefined control sequence.
l.163 \pdfglyphtounicode
                      {Ehookabove}{1EBA}
? 
! Undefined control sequence.
l.164 \pdfglyphtounicode
                      {Eightroman}{2167}
? 
! Undefined control sequence.
l.165 \pdfglyphtounicode
                      {Einvertedbreve}{0206}
? 
! Undefined control sequence.
l.166 \pdfglyphtounicode
                      {Eiotifiedcyrillic}{0464}
? 
! Undefined control sequence.
l.167 \pdfglyphtounicode
                      {Elcyrillic}{041B}
? 
! Undefined control sequence.
l.168 \pdfglyphtounicode
                      {Elevenroman}{216A}
? 
! Undefined control sequence.
l.169 \pdfglyphtounicode
                      {Emacron}{0112}
? 
! Undefined control sequence.
l.170 \pdfglyphtounicode
                      {Emacronacute}{1E16}
? 
! Undefined control sequence.
l.171 \pdfglyphtounicode
                      {Emacrongrave}{1E14}
? 
! Undefined control sequence.
l.172 \pdfglyphtounicode
                      {Emcyrillic}{041C}
? 
! Undefined control sequence.
l.173 \pdfglyphtounicode
                      {Emonospace}{FF25}
? 
! Undefined control sequence.
l.174 \pdfglyphtounicode
                      {Encyrillic}{041D}
? 
! Undefined control sequence.
l.175 \pdfglyphtounicode
                      {Endescendercyrillic}{04A2}
? 
! Undefined control sequence.
l.176 \pdfglyphtounicode
                      {Eng}{014A}
? 
! Undefined control sequence.
l.177 \pdfglyphtounicode
                      {Enghecyrillic}{04A4}
? 
! Undefined control sequence.
l.178 \pdfglyphtounicode
                      {Enhookcyrillic}{04C7}
? 
! Undefined control sequence.
l.179 \pdfglyphtounicode
                      {Eogonek}{0118}
? 
! Undefined control sequence.
l.180 \pdfglyphtounicode
                      {Eopen}{0190}
? 
! Undefined control sequence.
l.181 \pdfglyphtounicode
                      {Epsilon}{0395}
? 
! Undefined control sequence.
l.182 \pdfglyphtounicode
                      {Epsilontonos}{0388}
? 
! Undefined control sequence.
l.183 \pdfglyphtounicode
                      {Ercyrillic}{0420}
? 
! Undefined control sequence.
l.184 \pdfglyphtounicode
                      {Ereversed}{018E}
? 
! Undefined control sequence.
l.185 \pdfglyphtounicode
                      {Ereversedcyrillic}{042D}
? 
! Undefined control sequence.
l.186 \pdfglyphtounicode
                      {Escyrillic}{0421}
? 
! Undefined control sequence.
l.187 \pdfglyphtounicode
                      {Esdescendercyrillic}{04AA}
? 
! Undefined control sequence.
l.188 \pdfglyphtounicode
                      {Esh}{01A9}
? 
! Undefined control sequence.
l.189 \pdfglyphtounicode
                      {Esmall}{0065}
? 
! Undefined control sequence.
l.190 \pdfglyphtounicode
                      {Eta}{0397}
? 
! Undefined control sequence.
l.191 \pdfglyphtounicode
                      {Etarmenian}{0538}
? 
! Undefined control sequence.
l.192 \pdfglyphtounicode
                      {Etatonos}{0389}
? 
! Undefined control sequence.
l.193 \pdfglyphtounicode
                      {Eth}{00D0}
? 
! Undefined control sequence.
l.194 \pdfglyphtounicode
                      {Ethsmall}{00F0}
? 
! Undefined control sequence.
l.195 \pdfglyphtounicode
                      {Etilde}{1EBC}
? 
! Undefined control sequence.
l.196 \pdfglyphtounicode
                      {Etildebelow}{1E1A}
? 
! Undefined control sequence.
l.197 \pdfglyphtounicode
                      {Euro}{20AC}
? 
! Undefined control sequence.
l.198 \pdfglyphtounicode
                      {Ezh}{01B7}
? 
! Undefined control sequence.
l.199 \pdfglyphtounicode
                      {Ezhcaron}{01EE}
? 
! Undefined control sequence.
l.200 \pdfglyphtounicode
                      {Ezhreversed}{01B8}
? 
! Undefined control sequence.
l.201 \pdfglyphtounicode
                      {F}{0046}
? 
! Undefined control sequence.
l.202 \pdfglyphtounicode
                      {FFIsmall}{0066 0066 0069}
? 
! Undefined control sequence.
l.203 \pdfglyphtounicode
                      {FFLsmall}{0066 0066 006C}
? 
! Undefined control sequence.
l.204 \pdfglyphtounicode
                      {FFsmall}{0066 0066}
? 
! Undefined control sequence.
l.205 \pdfglyphtounicode
                      {FIsmall}{0066 0069}
? 
! Undefined control sequence.
l.206 \pdfglyphtounicode
                      {FLsmall}{0066 006C}
? 
! Undefined control sequence.
l.207 \pdfglyphtounicode
                      {Fcircle}{24BB}
? 
! Undefined control sequence.
l.208 \pdfglyphtounicode
                      {Fdotaccent}{1E1E}
? 
! Undefined control sequence.
l.209 \pdfglyphtounicode
                      {Feharmenian}{0556}
? 
! Undefined control sequence.
l.210 \pdfglyphtounicode
                      {Feicoptic}{03E4}
? 
! Undefined control sequence.
l.211 \pdfglyphtounicode
                      {Fhook}{0191}
? 
! Undefined control sequence.
l.212 \pdfglyphtounicode
                      {Finv}{2132}
? 
! Undefined control sequence.
l.213 \pdfglyphtounicode
                      {Fitacyrillic}{0472}
? 
! Undefined control sequence.
l.214 \pdfglyphtounicode
                      {Fiveroman}{2164}
? 
! Undefined control sequence.
l.215 \pdfglyphtounicode
                      {Fmonospace}{FF26}
? 
! Undefined control sequence.
l.216 \pdfglyphtounicode
                      {Fourroman}{2163}
? 
! Undefined control sequence.
l.217 \pdfglyphtounicode
                      {Fsmall}{0066}
? 
! Undefined control sequence.
l.218 \pdfglyphtounicode
                      {G}{0047}
? 
! Undefined control sequence.
l.219 \pdfglyphtounicode
                      {GBsquare}{3387}
? 
! Undefined control sequence.
l.220 \pdfglyphtounicode
                      {Gacute}{01F4}
? 
! Undefined control sequence.
l.221 \pdfglyphtounicode
                      {Gamma}{0393}
? 
! Undefined control sequence.
l.222 \pdfglyphtounicode
                      {Gammaafrican}{0194}
? 
! Undefined control sequence.
l.223 \pdfglyphtounicode
                      {Gangiacoptic}{03EA}
? 
! Undefined control sequence.
l.224 \pdfglyphtounicode
                      {Gbreve}{011E}
? 
! Undefined control sequence.
l.225 \pdfglyphtounicode
                      {Gcaron}{01E6}
? 
! Undefined control sequence.
l.226 \pdfglyphtounicode
                      {Gcedilla}{0122}
? 
! Undefined control sequence.
l.227 \pdfglyphtounicode
                      {Gcircle}{24BC}
? 
! Undefined control sequence.
l.228 \pdfglyphtounicode
                      {Gcircumflex}{011C}
? 
! Undefined control sequence.
l.229 \pdfglyphtounicode
                      {Gcommaaccent}{0122}
? 
! Undefined control sequence.
l.230 \pdfglyphtounicode
                      {Gdot}{0120}
? 
! Undefined control sequence.
l.231 \pdfglyphtounicode
                      {Gdotaccent}{0120}
? 
! Undefined control sequence.
l.232 \pdfglyphtounicode
                      {Gecyrillic}{0413}
? 
! Undefined control sequence.
l.233 \pdfglyphtounicode
                      {Germandbls}{0053 0053}
? 
! Undefined control sequence.
l.234 \pdfglyphtounicode
                      {Germandblssmall}{0073 0073}
? 
! Undefined control sequence.
l.235 \pdfglyphtounicode
                      {Ghadarmenian}{0542}
? 
! Undefined control sequence.
l.236 \pdfglyphtounicode
                      {Ghemiddlehookcyrillic}{0494}
? 
! Undefined control sequence.
l.237 \pdfglyphtounicode
                      {Ghestrokecyrillic}{0492}
? 
! Undefined control sequence.
l.238 \pdfglyphtounicode
                      {Gheupturncyrillic}{0490}
? 
! Undefined control sequence.
l.239 \pdfglyphtounicode
                      {Ghook}{0193}
? 
! Undefined control sequence.
l.240 \pdfglyphtounicode
                      {Gimarmenian}{0533}
? 
! Undefined control sequence.
l.241 \pdfglyphtounicode
                      {Gjecyrillic}{0403}
? 
! Undefined control sequence.
l.242 \pdfglyphtounicode
                      {Gmacron}{1E20}
? 
! Undefined control sequence.
l.243 \pdfglyphtounicode
                      {Gmir}{2141}
? 
! Undefined control sequence.
l.244 \pdfglyphtounicode
                      {Gmonospace}{FF27}
? 
! Undefined control sequence.
l.245 \pdfglyphtounicode
                      {Grave}{0060}
? 
! Undefined control sequence.
l.246 \pdfglyphtounicode
                      {Gravesmall}{0060}
? 
! Undefined control sequence.
l.247 \pdfglyphtounicode
                      {Gsmall}{0067}
? 
! Undefined control sequence.
l.248 \pdfglyphtounicode
                      {Gsmallhook}{029B}
? 
! Undefined control sequence.
l.249 \pdfglyphtounicode
                      {Gstroke}{01E4}
? 
! Undefined control sequence.
l.250 \pdfglyphtounicode
                      {H}{0048}
? 
! Undefined control sequence.
l.251 \pdfglyphtounicode
                      {H18533}{25CF}
? 
! Undefined control sequence.
l.252 \pdfglyphtounicode
                      {H18543}{25AA}
? 
! Undefined control sequence.
l.253 \pdfglyphtounicode
                      {H18551}{25AB}
? 
! Undefined control sequence.
l.254 \pdfglyphtounicode
                      {H22073}{25A1}
? 
! Undefined control sequence.
l.255 \pdfglyphtounicode
                      {HPsquare}{33CB}
? 
! Undefined control sequence.
l.256 \pdfglyphtounicode
                      {Haabkhasiancyrillic}{04A8}
? 
! Undefined control sequence.
l.257 \pdfglyphtounicode
                      {Hadescendercyrillic}{04B2}
? 
! Undefined control sequence.
l.258 \pdfglyphtounicode
                      {Hardsigncyrillic}{042A}
? 
! Undefined control sequence.
l.259 \pdfglyphtounicode
                      {Hbar}{0126}
? 
! Undefined control sequence.
l.260 \pdfglyphtounicode
                      {Hbrevebelow}{1E2A}
? 
! Undefined control sequence.
l.261 \pdfglyphtounicode
                      {Hcedilla}{1E28}
? 
! Undefined control sequence.
l.262 \pdfglyphtounicode
                      {Hcircle}{24BD}
? 
! Undefined control sequence.
l.263 \pdfglyphtounicode
                      {Hcircumflex}{0124}
? 
! Undefined control sequence.
l.264 \pdfglyphtounicode
                      {Hdieresis}{1E26}
? 
! Undefined control sequence.
l.265 \pdfglyphtounicode
                      {Hdotaccent}{1E22}
? 
! Undefined control sequence.
l.266 \pdfglyphtounicode
                      {Hdotbelow}{1E24}
? 
! Undefined control sequence.
l.267 \pdfglyphtounicode
                      {Hmonospace}{FF28}
? 
! Undefined control sequence.
l.268 \pdfglyphtounicode
                      {Hoarmenian}{0540}
? 
! Undefined control sequence.
l.269 \pdfglyphtounicode
                      {Horicoptic}{03E8}
? 
! Undefined control sequence.
l.270 \pdfglyphtounicode
                      {Hsmall}{0068}
? 
! Undefined control sequence.
l.271 \pdfglyphtounicode
                      {Hungarumlaut}{02DD}
? 
! Undefined control sequence.
l.272 \pdfglyphtounicode
                      {Hungarumlautsmall}{02DD}
? 
! Undefined control sequence.
l.273 \pdfglyphtounicode
                      {Hzsquare}{3390}
? 
! Undefined control sequence.
l.274 \pdfglyphtounicode
                      {I}{0049}
? 
! Undefined control sequence.
l.275 \pdfglyphtounicode
                      {IAcyrillic}{042F}
? 
! Undefined control sequence.
l.276 \pdfglyphtounicode
                      {IJ}{0132}
? 
! Undefined control sequence.
l.277 \pdfglyphtounicode
                      {IUcyrillic}{042E}
? 
! Undefined control sequence.
l.278 \pdfglyphtounicode
                      {Iacute}{00CD}
? 
! Undefined control sequence.
l.279 \pdfglyphtounicode
                      {Iacutesmall}{00ED}
? 
! Undefined control sequence.
l.280 \pdfglyphtounicode
                      {Ibreve}{012C}
? 
! Undefined control sequence.
l.281 \pdfglyphtounicode
                      {Icaron}{01CF}
? 
! Undefined control sequence.
l.282 \pdfglyphtounicode
                      {Icircle}{24BE}
? 
! Undefined control sequence.
l.283 \pdfglyphtounicode
                      {Icircumflex}{00CE}
? 
! Undefined control sequence.
l.284 \pdfglyphtounicode
                      {Icircumflexsmall}{00EE}
? 
! Undefined control sequence.
l.285 \pdfglyphtounicode
                      {Icyrillic}{0406}
? 
! Undefined control sequence.
l.286 \pdfglyphtounicode
                      {Idblgrave}{0208}
? 
! Undefined control sequence.
l.287 \pdfglyphtounicode
                      {Idieresis}{00CF}
? 
! Undefined control sequence.
l.288 \pdfglyphtounicode
                      {Idieresisacute}{1E2E}
? 
! Undefined control sequence.
l.289 \pdfglyphtounicode
                      {Idieresiscyrillic}{04E4}
? 
! Undefined control sequence.
l.290 \pdfglyphtounicode
                      {Idieresissmall}{00EF}
? 
! Undefined control sequence.
l.291 \pdfglyphtounicode
                      {Idot}{0130}
? 
! Undefined control sequence.
l.292 \pdfglyphtounicode
                      {Idotaccent}{0130}
? 
! Undefined control sequence.
l.293 \pdfglyphtounicode
                      {Idotbelow}{1ECA}
? 
! Undefined control sequence.
l.294 \pdfglyphtounicode
                      {Iebrevecyrillic}{04D6}
? 
! Undefined control sequence.
l.295 \pdfglyphtounicode
                      {Iecyrillic}{0415}
? 
! Undefined control sequence.
l.296 \pdfglyphtounicode
                      {Ifractur}{2111}
? 
! Undefined control sequence.
l.297 \pdfglyphtounicode
                      {Ifraktur}{2111}
? 
! Undefined control sequence.
l.298 \pdfglyphtounicode
                      {Igrave}{00CC}
? 
! Undefined control sequence.
l.299 \pdfglyphtounicode
                      {Igravesmall}{00EC}
? 
! Undefined control sequence.
l.300 \pdfglyphtounicode
                      {Ihookabove}{1EC8}
? 
! Undefined control sequence.
l.301 \pdfglyphtounicode
                      {Iicyrillic}{0418}
? 
! Undefined control sequence.
l.302 \pdfglyphtounicode
                      {Iinvertedbreve}{020A}
? 
! Undefined control sequence.
l.303 \pdfglyphtounicode
                      {Iishortcyrillic}{0419}
? 
! Undefined control sequence.
l.304 \pdfglyphtounicode
                      {Imacron}{012A}
? 
! Undefined control sequence.
l.305 \pdfglyphtounicode
                      {Imacroncyrillic}{04E2}
? 
! Undefined control sequence.
l.306 \pdfglyphtounicode
                      {Imonospace}{FF29}
? 
! Undefined control sequence.
l.307 \pdfglyphtounicode
                      {Iniarmenian}{053B}
? 
! Undefined control sequence.
l.308 \pdfglyphtounicode
                      {Iocyrillic}{0401}
? 
! Undefined control sequence.
l.309 \pdfglyphtounicode
                      {Iogonek}{012E}
? 
! Undefined control sequence.
l.310 \pdfglyphtounicode
                      {Iota}{0399}
? 
! Undefined control sequence.
l.311 \pdfglyphtounicode
                      {Iotaafrican}{0196}
? 
! Undefined control sequence.
l.312 \pdfglyphtounicode
                      {Iotadieresis}{03AA}
? 
! Undefined control sequence.
l.313 \pdfglyphtounicode
                      {Iotatonos}{038A}
? 
! Undefined control sequence.
l.314 \pdfglyphtounicode
                      {Ismall}{0069}
? 
! Undefined control sequence.
l.315 \pdfglyphtounicode
                      {Istroke}{0197}
? 
! Undefined control sequence.
l.316 \pdfglyphtounicode
                      {Itilde}{0128}
? 
! Undefined control sequence.
l.317 \pdfglyphtounicode
                      {Itildebelow}{1E2C}
? 
! Undefined control sequence.
l.318 \pdfglyphtounicode
                      {Izhitsacyrillic}{0474}
? 
! Undefined control sequence.
l.319 \pdfglyphtounicode
                      {Izhitsadblgravecyrillic}{0476}
? 
! Undefined control sequence.
l.320 \pdfglyphtounicode
                      {J}{004A}
? 
! Undefined control sequence.
l.321 \pdfglyphtounicode
                      {Jaarmenian}{0541}
? 
! Undefined control sequence.
l.322 \pdfglyphtounicode
                      {Jcircle}{24BF}
? 
! Undefined control sequence.
l.323 \pdfglyphtounicode
                      {Jcircumflex}{0134}
? 
! Undefined control sequence.
l.324 \pdfglyphtounicode
                      {Jecyrillic}{0408}
? 
! Undefined control sequence.
l.325 \pdfglyphtounicode
                      {Jheharmenian}{054B}
? 
! Undefined control sequence.
l.326 \pdfglyphtounicode
                      {Jmonospace}{FF2A}
? 
! Undefined control sequence.
l.327 \pdfglyphtounicode
                      {Jsmall}{006A}
? 
! Undefined control sequence.
l.328 \pdfglyphtounicode
                      {K}{004B}
? 
! Undefined control sequence.
l.329 \pdfglyphtounicode
                      {KBsquare}{3385}
? 
! Undefined control sequence.
l.330 \pdfglyphtounicode
                      {KKsquare}{33CD}
? 
! Undefined control sequence.
l.331 \pdfglyphtounicode
                      {Kabashkircyrillic}{04A0}
? 
! Undefined control sequence.
l.332 \pdfglyphtounicode
                      {Kacute}{1E30}
? 
! Undefined control sequence.
l.333 \pdfglyphtounicode
                      {Kacyrillic}{041A}
? 
! Undefined control sequence.
l.334 \pdfglyphtounicode
                      {Kadescendercyrillic}{049A}
? 
! Undefined control sequence.
l.335 \pdfglyphtounicode
                      {Kahookcyrillic}{04C3}
? 
! Undefined control sequence.
l.336 \pdfglyphtounicode
                      {Kappa}{039A}
? 
! Undefined control sequence.
l.337 \pdfglyphtounicode
                      {Kastrokecyrillic}{049E}
? 
! Undefined control sequence.
l.338 \pdfglyphtounicode
                      {Kaverticalstrokecyrillic}{049C}
? 
! Undefined control sequence.
l.339 \pdfglyphtounicode
                      {Kcaron}{01E8}
? 
! Undefined control sequence.
l.340 \pdfglyphtounicode
                      {Kcedilla}{0136}
? 
! Undefined control sequence.
l.341 \pdfglyphtounicode
                      {Kcircle}{24C0}
? 
! Undefined control sequence.
l.342 \pdfglyphtounicode
                      {Kcommaaccent}{0136}
? 
! Undefined control sequence.
l.343 \pdfglyphtounicode
                      {Kdotbelow}{1E32}
? 
! Undefined control sequence.
l.344 \pdfglyphtounicode
                      {Keharmenian}{0554}
? 
! Undefined control sequence.
l.345 \pdfglyphtounicode
                      {Kenarmenian}{053F}
? 
! Undefined control sequence.
l.346 \pdfglyphtounicode
                      {Khacyrillic}{0425}
? 
! Undefined control sequence.
l.347 \pdfglyphtounicode
                      {Kheicoptic}{03E6}
? 
! Undefined control sequence.
l.348 \pdfglyphtounicode
                      {Khook}{0198}
? 
! Undefined control sequence.
l.349 \pdfglyphtounicode
                      {Kjecyrillic}{040C}
? 
! Undefined control sequence.
l.350 \pdfglyphtounicode
                      {Klinebelow}{1E34}
? 
! Undefined control sequence.
l.351 \pdfglyphtounicode
                      {Kmonospace}{FF2B}
? 
! Undefined control sequence.
l.352 \pdfglyphtounicode
                      {Koppacyrillic}{0480}
? 
! Undefined control sequence.
l.353 \pdfglyphtounicode
                      {Koppagreek}{03DE}
? 
! Undefined control sequence.
l.354 \pdfglyphtounicode
                      {Ksicyrillic}{046E}
? 
! Undefined control sequence.
l.355 \pdfglyphtounicode
                      {Ksmall}{006B}
? 
! Undefined control sequence.
l.356 \pdfglyphtounicode
                      {L}{004C}
? 
! Undefined control sequence.
l.357 \pdfglyphtounicode
                      {LJ}{01C7}
? 
! Undefined control sequence.
l.358 \pdfglyphtounicode
                      {LL}{004C 004C}
? 
! Undefined control sequence.
l.359 \pdfglyphtounicode
                      {Lacute}{0139}
? 
! Undefined control sequence.
l.360 \pdfglyphtounicode
                      {Lambda}{039B}
? 
! Undefined control sequence.
l.361 \pdfglyphtounicode
                      {Lcaron}{013D}
? 
! Undefined control sequence.
l.362 \pdfglyphtounicode
                      {Lcedilla}{013B}
? 
! Undefined control sequence.
l.363 \pdfglyphtounicode
                      {Lcircle}{24C1}
? 
! Undefined control sequence.
l.364 \pdfglyphtounicode
                      {Lcircumflexbelow}{1E3C}
? 
! Undefined control sequence.
l.365 \pdfglyphtounicode
                      {Lcommaaccent}{013B}
? 
! Undefined control sequence.
l.366 \pdfglyphtounicode
                      {Ldot}{013F}
? 
! Undefined control sequence.
l.367 \pdfglyphtounicode
                      {Ldotaccent}{013F}
? 
! Undefined control sequence.
l.368 \pdfglyphtounicode
                      {Ldotbelow}{1E36}
? 
! Undefined control sequence.
l.369 \pdfglyphtounicode
                      {Ldotbelowmacron}{1E38}
? 
! Undefined control sequence.
l.370 \pdfglyphtounicode
                      {Liwnarmenian}{053C}
? 
! Undefined control sequence.
l.371 \pdfglyphtounicode
                      {Lj}{01C8}
? 
! Undefined control sequence.
l.372 \pdfglyphtounicode
                      {Ljecyrillic}{0409}
? 
! Undefined control sequence.
l.373 \pdfglyphtounicode
                      {Llinebelow}{1E3A}
? 
! Undefined control sequence.
l.374 \pdfglyphtounicode
                      {Lmonospace}{FF2C}
? 
! Undefined control sequence.
l.375 \pdfglyphtounicode
                      {Lslash}{0141}
? 
! Undefined control sequence.
l.376 \pdfglyphtounicode
                      {Lslashsmall}{0142}
? 
! Undefined control sequence.
l.377 \pdfglyphtounicode
                      {Lsmall}{006C}
? 
! Undefined control sequence.
l.378 \pdfglyphtounicode
                      {M}{004D}
? 
! Undefined control sequence.
l.379 \pdfglyphtounicode
                      {MBsquare}{3386}
? 
! Undefined control sequence.
l.380 \pdfglyphtounicode
                      {Macron}{00AF}
? 
! Undefined control sequence.
l.381 \pdfglyphtounicode
                      {Macronsmall}{00AF}
? 
! Undefined control sequence.
l.382 \pdfglyphtounicode
                      {Macute}{1E3E}
? 
! Undefined control sequence.
l.383 \pdfglyphtounicode
                      {Mcircle}{24C2}
? 
! Undefined control sequence.
l.384 \pdfglyphtounicode
                      {Mdotaccent}{1E40}
? 
! Undefined control sequence.
l.385 \pdfglyphtounicode
                      {Mdotbelow}{1E42}
? 
! Undefined control sequence.
l.386 \pdfglyphtounicode
                      {Menarmenian}{0544}
? 
! Undefined control sequence.
l.387 \pdfglyphtounicode
                      {Mmonospace}{FF2D}
? 
! Undefined control sequence.
l.388 \pdfglyphtounicode
                      {Msmall}{006D}
? 
! Undefined control sequence.
l.389 \pdfglyphtounicode
                      {Mturned}{019C}
? 
! Undefined control sequence.
l.390 \pdfglyphtounicode
                      {Mu}{039C}
? 
! Undefined control sequence.
l.391 \pdfglyphtounicode
                      {N}{004E}
? 
! Undefined control sequence.
l.392 \pdfglyphtounicode
                      {NJ}{01CA}
? 
! Undefined control sequence.
l.393 \pdfglyphtounicode
                      {Nacute}{0143}
? 
! Undefined control sequence.
l.394 \pdfglyphtounicode
                      {Ncaron}{0147}
? 
! Undefined control sequence.
l.395 \pdfglyphtounicode
                      {Ncedilla}{0145}
? 
! Undefined control sequence.
l.396 \pdfglyphtounicode
                      {Ncircle}{24C3}
? 
! Undefined control sequence.
l.397 \pdfglyphtounicode
                      {Ncircumflexbelow}{1E4A}
? 
! Undefined control sequence.
l.398 \pdfglyphtounicode
                      {Ncommaaccent}{0145}
? 
! Undefined control sequence.
l.399 \pdfglyphtounicode
                      {Ndotaccent}{1E44}
? 
! Undefined control sequence.
l.400 \pdfglyphtounicode
                      {Ndotbelow}{1E46}
? 
! Undefined control sequence.
l.401 \pdfglyphtounicode
                      {Ng}{014A}
? 
! Undefined control sequence.
l.402 \pdfglyphtounicode
                      {Nhookleft}{019D}
? 
! Undefined control sequence.
l.403 \pdfglyphtounicode
                      {Nineroman}{2168}
? 
! Undefined control sequence.
l.404 \pdfglyphtounicode
                      {Nj}{01CB}
? 
! Undefined control sequence.
l.405 \pdfglyphtounicode
                      {Njecyrillic}{040A}
? 
! Undefined control sequence.
l.406 \pdfglyphtounicode
                      {Nlinebelow}{1E48}
? 
! Undefined control sequence.
l.407 \pdfglyphtounicode
                      {Nmonospace}{FF2E}
? 
! Undefined control sequence.
l.408 \pdfglyphtounicode
                      {Nowarmenian}{0546}
? 
! Undefined control sequence.
l.409 \pdfglyphtounicode
                      {Nsmall}{006E}
? 
! Undefined control sequence.
l.410 \pdfglyphtounicode
                      {Ntilde}{00D1}
? 
! Undefined control sequence.
l.411 \pdfglyphtounicode
                      {Ntildesmall}{00F1}
? 
! Undefined control sequence.
l.412 \pdfglyphtounicode
                      {Nu}{039D}
? 
! Undefined control sequence.
l.413 \pdfglyphtounicode
                      {O}{004F}
? 
! Undefined control sequence.
l.414 \pdfglyphtounicode
                      {OE}{0152}
? 
! Undefined control sequence.
l.415 \pdfglyphtounicode
                      {OEsmall}{0153}
? 
! Undefined control sequence.
l.416 \pdfglyphtounicode
                      {Oacute}{00D3}
? 
! Undefined control sequence.
l.417 \pdfglyphtounicode
                      {Oacutesmall}{00F3}
? 
! Undefined control sequence.
l.418 \pdfglyphtounicode
                      {Obarredcyrillic}{04E8}
? 
! Undefined control sequence.
l.419 \pdfglyphtounicode
                      {Obarreddieresiscyrillic}{04EA}
? 
! Undefined control sequence.
l.420 \pdfglyphtounicode
                      {Obreve}{014E}
? 
! Undefined control sequence.
l.421 \pdfglyphtounicode
                      {Ocaron}{01D1}
? 
! Undefined control sequence.
l.422 \pdfglyphtounicode
                      {Ocenteredtilde}{019F}
? 
! Undefined control sequence.
l.423 \pdfglyphtounicode
                      {Ocircle}{24C4}
? 
! Undefined control sequence.
l.424 \pdfglyphtounicode
                      {Ocircumflex}{00D4}
? 
! Undefined control sequence.
l.425 \pdfglyphtounicode
                      {Ocircumflexacute}{1ED0}
? 
! Undefined control sequence.
l.426 \pdfglyphtounicode
                      {Ocircumflexdotbelow}{1ED8}
? 
! Undefined control sequence.
l.427 \pdfglyphtounicode
                      {Ocircumflexgrave}{1ED2}
? 
! Undefined control sequence.
l.428 \pdfglyphtounicode
                      {Ocircumflexhookabove}{1ED4}
? 
! Undefined control sequence.
l.429 \pdfglyphtounicode
                      {Ocircumflexsmall}{00F4}
? 
! Undefined control sequence.
l.430 \pdfglyphtounicode
                      {Ocircumflextilde}{1ED6}
? 
! Undefined control sequence.
l.431 \pdfglyphtounicode
                      {Ocyrillic}{041E}
? 
! Undefined control sequence.
l.432 \pdfglyphtounicode
                      {Odblacute}{0150}
? 
! Undefined control sequence.
l.433 \pdfglyphtounicode
                      {Odblgrave}{020C}
? 
! Undefined control sequence.
l.434 \pdfglyphtounicode
                      {Odieresis}{00D6}
? 
! Undefined control sequence.
l.435 \pdfglyphtounicode
                      {Odieresiscyrillic}{04E6}
? 
! Undefined control sequence.
l.436 \pdfglyphtounicode
                      {Odieresissmall}{00F6}
? 
! Undefined control sequence.
l.437 \pdfglyphtounicode
                      {Odotbelow}{1ECC}
? 
! Undefined control sequence.
l.438 \pdfglyphtounicode
                      {Ogoneksmall}{02DB}
? 
! Undefined control sequence.
l.439 \pdfglyphtounicode
                      {Ograve}{00D2}
? 
! Undefined control sequence.
l.440 \pdfglyphtounicode
                      {Ogravesmall}{00F2}
? 
! Undefined control sequence.
l.441 \pdfglyphtounicode
                      {Oharmenian}{0555}
? 
! Undefined control sequence.
l.442 \pdfglyphtounicode
                      {Ohm}{2126}
? 
! Undefined control sequence.
l.443 \pdfglyphtounicode
                      {Ohookabove}{1ECE}
? 
! Undefined control sequence.
l.444 \pdfglyphtounicode
                      {Ohorn}{01A0}
? 
! Undefined control sequence.
l.445 \pdfglyphtounicode
                      {Ohornacute}{1EDA}
? 
! Undefined control sequence.
l.446 \pdfglyphtounicode
                      {Ohorndotbelow}{1EE2}
? 
! Undefined control sequence.
l.447 \pdfglyphtounicode
                      {Ohorngrave}{1EDC}
? 
! Undefined control sequence.
l.448 \pdfglyphtounicode
                      {Ohornhookabove}{1EDE}
? 
! Undefined control sequence.
l.449 \pdfglyphtounicode
                      {Ohorntilde}{1EE0}
? 
! Undefined control sequence.
l.450 \pdfglyphtounicode
                      {Ohungarumlaut}{0150}
? 
! Undefined control sequence.
l.451 \pdfglyphtounicode
                      {Oi}{01A2}
? 
! Undefined control sequence.
l.452 \pdfglyphtounicode
                      {Oinvertedbreve}{020E}
? 
! Undefined control sequence.
l.453 \pdfglyphtounicode
                      {Omacron}{014C}
? 
! Undefined control sequence.
l.454 \pdfglyphtounicode
                      {Omacronacute}{1E52}
? 
! Undefined control sequence.
l.455 \pdfglyphtounicode
                      {Omacrongrave}{1E50}
? 
! Undefined control sequence.
l.456 \pdfglyphtounicode
                      {Omega}{2126}
? 
! Undefined control sequence.
l.457 \pdfglyphtounicode
                      {Omegacyrillic}{0460}
? 
! Undefined control sequence.
l.458 \pdfglyphtounicode
                      {Omegagreek}{03A9}
? 
! Undefined control sequence.
l.459 \pdfglyphtounicode
                      {Omegainv}{2127}
? 
! Undefined control sequence.
l.460 \pdfglyphtounicode
                      {Omegaroundcyrillic}{047A}
? 
! Undefined control sequence.
l.461 \pdfglyphtounicode
                      {Omegatitlocyrillic}{047C}
? 
! Undefined control sequence.
l.462 \pdfglyphtounicode
                      {Omegatonos}{038F}
? 
! Undefined control sequence.
l.463 \pdfglyphtounicode
                      {Omicron}{039F}
? 
! Undefined control sequence.
l.464 \pdfglyphtounicode
                      {Omicrontonos}{038C}
? 
! Undefined control sequence.
l.465 \pdfglyphtounicode
                      {Omonospace}{FF2F}
? 
! Undefined control sequence.
l.466 \pdfglyphtounicode
                      {Oneroman}{2160}
? 
! Undefined control sequence.
l.467 \pdfglyphtounicode
                      {Oogonek}{01EA}
? 
! Undefined control sequence.
l.468 \pdfglyphtounicode
                      {Oogonekmacron}{01EC}
? 
! Undefined control sequence.
l.469 \pdfglyphtounicode
                      {Oopen}{0186}
? 
! Undefined control sequence.
l.470 \pdfglyphtounicode
                      {Oslash}{00D8}
? 
! Undefined control sequence.
l.471 \pdfglyphtounicode
                      {Oslashacute}{01FE}
? 
! Undefined control sequence.
l.472 \pdfglyphtounicode
                      {Oslashsmall}{00F8}
? 
! Undefined control sequence.
l.473 \pdfglyphtounicode
                      {Osmall}{006F}
? 
! Undefined control sequence.
l.474 \pdfglyphtounicode
                      {Ostrokeacute}{01FE}
? 
! Undefined control sequence.
l.475 \pdfglyphtounicode
                      {Otcyrillic}{047E}
? 
! Undefined control sequence.
l.476 \pdfglyphtounicode
                      {Otilde}{00D5}
? 
! Undefined control sequence.
l.477 \pdfglyphtounicode
                      {Otildeacute}{1E4C}
? 
! Undefined control sequence.
l.478 \pdfglyphtounicode
                      {Otildedieresis}{1E4E}
? 
! Undefined control sequence.
l.479 \pdfglyphtounicode
                      {Otildesmall}{00F5}
? 
! Undefined control sequence.
l.480 \pdfglyphtounicode
                      {P}{0050}
? 
! Undefined control sequence.
l.481 \pdfglyphtounicode
                      {Pacute}{1E54}
? 
! Undefined control sequence.
l.482 \pdfglyphtounicode
                      {Pcircle}{24C5}
? 
! Undefined control sequence.
l.483 \pdfglyphtounicode
                      {Pdotaccent}{1E56}
? 
! Undefined control sequence.
l.484 \pdfglyphtounicode
                      {Pecyrillic}{041F}
? 
! Undefined control sequence.
l.485 \pdfglyphtounicode
                      {Peharmenian}{054A}
? 
! Undefined control sequence.
l.486 \pdfglyphtounicode
                      {Pemiddlehookcyrillic}{04A6}
? 
! Undefined control sequence.
l.487 \pdfglyphtounicode
                      {Phi}{03A6}
? 
! Undefined control sequence.
l.488 \pdfglyphtounicode
                      {Phook}{01A4}
? 
! Undefined control sequence.
l.489 \pdfglyphtounicode
                      {Pi}{03A0}
? 
! Undefined control sequence.
l.490 \pdfglyphtounicode
                      {Piwrarmenian}{0553}
? 
! Undefined control sequence.
l.491 \pdfglyphtounicode
                      {Pmonospace}{FF30}
? 
! Undefined control sequence.
l.492 \pdfglyphtounicode
                      {Psi}{03A8}
? 
! Undefined control sequence.
l.493 \pdfglyphtounicode
                      {Psicyrillic}{0470}
? 
! Undefined control sequence.
l.494 \pdfglyphtounicode
                      {Psmall}{0070}
? 
! Undefined control sequence.
l.495 \pdfglyphtounicode
                      {Q}{0051}
? 
! Undefined control sequence.
l.496 \pdfglyphtounicode
                      {Qcircle}{24C6}
? 
! Undefined control sequence.
l.497 \pdfglyphtounicode
                      {Qmonospace}{FF31}
? 
! Undefined control sequence.
l.498 \pdfglyphtounicode
                      {Qsmall}{0071}
? 
! Undefined control sequence.
l.499 \pdfglyphtounicode
                      {R}{0052}
? 
! Undefined control sequence.
l.500 \pdfglyphtounicode
                      {Raarmenian}{054C}
? 
! Undefined control sequence.
l.501 \pdfglyphtounicode
                      {Racute}{0154}
? 
! Undefined control sequence.
l.502 \pdfglyphtounicode
                      {Rcaron}{0158}
? 
! Undefined control sequence.
l.503 \pdfglyphtounicode
                      {Rcedilla}{0156}
? 
! Undefined control sequence.
l.504 \pdfglyphtounicode
                      {Rcircle}{24C7}
? 
! Undefined control sequence.
l.505 \pdfglyphtounicode
                      {Rcommaaccent}{0156}
? 
! Undefined control sequence.
l.506 \pdfglyphtounicode
                      {Rdblgrave}{0210}
? 
! Undefined control sequence.
l.507 \pdfglyphtounicode
                      {Rdotaccent}{1E58}
? 
! Undefined control sequence.
l.508 \pdfglyphtounicode
                      {Rdotbelow}{1E5A}
? 
! Undefined control sequence.
l.509 \pdfglyphtounicode
                      {Rdotbelowmacron}{1E5C}
? 
! Undefined control sequence.
l.510 \pdfglyphtounicode
                      {Reharmenian}{0550}
? 
! Undefined control sequence.
l.511 \pdfglyphtounicode
                      {Rfractur}{211C}
? 
! Undefined control sequence.
l.512 \pdfglyphtounicode
                      {Rfraktur}{211C}
? 
! Undefined control sequence.
l.513 \pdfglyphtounicode
                      {Rho}{03A1}
? 
! Undefined control sequence.
l.514 \pdfglyphtounicode
                      {Ringsmall}{02DA}
? 
! Undefined control sequence.
l.515 \pdfglyphtounicode
                      {Rinvertedbreve}{0212}
? 
! Undefined control sequence.
l.516 \pdfglyphtounicode
                      {Rlinebelow}{1E5E}
? 
! Undefined control sequence.
l.517 \pdfglyphtounicode
                      {Rmonospace}{FF32}
? 
! Undefined control sequence.
l.518 \pdfglyphtounicode
                      {Rsmall}{0072}
? 
! Undefined control sequence.
l.519 \pdfglyphtounicode
                      {Rsmallinverted}{0281}
? 
! Undefined control sequence.
l.520 \pdfglyphtounicode
                      {Rsmallinvertedsuperior}{02B6}
? 
! Undefined control sequence.
l.521 \pdfglyphtounicode
                      {S}{0053}
? 
! Undefined control sequence.
l.522 \pdfglyphtounicode
                      {SF010000}{250C}
? 
! Undefined control sequence.
l.523 \pdfglyphtounicode
                      {SF020000}{2514}
? 
! Undefined control sequence.
l.524 \pdfglyphtounicode
                      {SF030000}{2510}
? 
! Undefined control sequence.
l.525 \pdfglyphtounicode
                      {SF040000}{2518}
? 
! Undefined control sequence.
l.526 \pdfglyphtounicode
                      {SF050000}{253C}
? 
! Undefined control sequence.
l.527 \pdfglyphtounicode
                      {SF060000}{252C}
? 
! Undefined control sequence.
l.528 \pdfglyphtounicode
                      {SF070000}{2534}
? 
! Undefined control sequence.
l.529 \pdfglyphtounicode
                      {SF080000}{251C}
? 
! Undefined control sequence.
l.530 \pdfglyphtounicode
                      {SF090000}{2524}
? 
! Undefined control sequence.
l.531 \pdfglyphtounicode
                      {SF100000}{2500}
? 
! Undefined control sequence.
l.532 \pdfglyphtounicode
                      {SF110000}{2502}
? 
! Undefined control sequence.
l.533 \pdfglyphtounicode
                      {SF190000}{2561}
? 
! Undefined control sequence.
l.534 \pdfglyphtounicode
                      {SF200000}{2562}
? 
! Undefined control sequence.
l.535 \pdfglyphtounicode
                      {SF210000}{2556}
? 
! Undefined control sequence.
l.536 \pdfglyphtounicode
                      {SF220000}{2555}
? 
! Undefined control sequence.
l.537 \pdfglyphtounicode
                      {SF230000}{2563}
? 
! Undefined control sequence.
l.538 \pdfglyphtounicode
                      {SF240000}{2551}
? 
! Undefined control sequence.
l.539 \pdfglyphtounicode
                      {SF250000}{2557}
? 
! Undefined control sequence.
l.540 \pdfglyphtounicode
                      {SF260000}{255D}
? 
! Undefined control sequence.
l.541 \pdfglyphtounicode
                      {SF270000}{255C}
? 
! Undefined control sequence.
l.542 \pdfglyphtounicode
                      {SF280000}{255B}
? 
! Undefined control sequence.
l.543 \pdfglyphtounicode
                      {SF360000}{255E}
? 
! Undefined control sequence.
l.544 \pdfglyphtounicode
                      {SF370000}{255F}
? 
! Undefined control sequence.
l.545 \pdfglyphtounicode
                      {SF380000}{255A}
? 
! Undefined control sequence.
l.546 \pdfglyphtounicode
                      {SF390000}{2554}
? 
! Undefined control sequence.
l.547 \pdfglyphtounicode
                      {SF400000}{2569}
? 
! Undefined control sequence.
l.548 \pdfglyphtounicode
                      {SF410000}{2566}
? 
! Undefined control sequence.
l.549 \pdfglyphtounicode
                      {SF420000}{2560}
? 
! Undefined control sequence.
l.550 \pdfglyphtounicode
                      {SF430000}{2550}
? 
! Undefined control sequence.
l.551 \pdfglyphtounicode
                      {SF440000}{256C}
? 
! Undefined control sequence.
l.552 \pdfglyphtounicode
                      {SF450000}{2567}
? 
! Undefined control sequence.
l.553 \pdfglyphtounicode
                      {SF460000}{2568}
? 
! Undefined control sequence.
l.554 \pdfglyphtounicode
                      {SF470000}{2564}
? 
! Undefined control sequence.
l.555 \pdfglyphtounicode
                      {SF480000}{2565}
? 
! Undefined control sequence.
l.556 \pdfglyphtounicode
                      {SF490000}{2559}
? 
! Undefined control sequence.
l.557 \pdfglyphtounicode
                      {SF500000}{2558}
? 
! Undefined control sequence.
l.558 \pdfglyphtounicode
                      {SF510000}{2552}
? 
! Undefined control sequence.
l.559 \pdfglyphtounicode
                      {SF520000}{2553}
? 
! Undefined control sequence.
l.560 \pdfglyphtounicode
                      {SF530000}{256B}
? 
! Undefined control sequence.
l.561 \pdfglyphtounicode
                      {SF540000}{256A}
? 
! Undefined control sequence.
l.562 \pdfglyphtounicode
                      {SS}{0053 0053}
? 
! Undefined control sequence.
l.563 \pdfglyphtounicode
                      {SSsmall}{0073 0073}
? 
! Undefined control sequence.
l.564 \pdfglyphtounicode
                      {Sacute}{015A}
? 
! Undefined control sequence.
l.565 \pdfglyphtounicode
                      {Sacutedotaccent}{1E64}
? 
! Undefined control sequence.
l.566 \pdfglyphtounicode
                      {Sampigreek}{03E0}
? 
! Undefined control sequence.
l.567 \pdfglyphtounicode
                      {Scaron}{0160}
? 
! Undefined control sequence.
l.568 \pdfglyphtounicode
                      {Scarondotaccent}{1E66}
? 
! Undefined control sequence.
l.569 \pdfglyphtounicode
                      {Scaronsmall}{0161}
? 
! Undefined control sequence.
l.570 \pdfglyphtounicode
                      {Scedilla}{015E}
? 
! Undefined control sequence.
l.571 \pdfglyphtounicode
                      {Schwa}{018F}
? 
! Undefined control sequence.
l.572 \pdfglyphtounicode
                      {Schwacyrillic}{04D8}
? 
! Undefined control sequence.
l.573 \pdfglyphtounicode
                      {Schwadieresiscyrillic}{04DA}
? 
! Undefined control sequence.
l.574 \pdfglyphtounicode
                      {Scircle}{24C8}
? 
! Undefined control sequence.
l.575 \pdfglyphtounicode
                      {Scircumflex}{015C}
? 
! Undefined control sequence.
l.576 \pdfglyphtounicode
                      {Scommaaccent}{0218}
? 
! Undefined control sequence.
l.577 \pdfglyphtounicode
                      {Sdotaccent}{1E60}
? 
! Undefined control sequence.
l.578 \pdfglyphtounicode
                      {Sdotbelow}{1E62}
? 
! Undefined control sequence.
l.579 \pdfglyphtounicode
                      {Sdotbelowdotaccent}{1E68}
? 
! Undefined control sequence.
l.580 \pdfglyphtounicode
                      {Seharmenian}{054D}
? 
! Undefined control sequence.
l.581 \pdfglyphtounicode
                      {Sevenroman}{2166}
? 
! Undefined control sequence.
l.582 \pdfglyphtounicode
                      {Shaarmenian}{0547}
? 
! Undefined control sequence.
l.583 \pdfglyphtounicode
                      {Shacyrillic}{0428}
? 
! Undefined control sequence.
l.584 \pdfglyphtounicode
                      {Shchacyrillic}{0429}
? 
! Undefined control sequence.
l.585 \pdfglyphtounicode
                      {Sheicoptic}{03E2}
? 
! Undefined control sequence.
l.586 \pdfglyphtounicode
                      {Shhacyrillic}{04BA}
? 
! Undefined control sequence.
l.587 \pdfglyphtounicode
                      {Shimacoptic}{03EC}
? 
! Undefined control sequence.
l.588 \pdfglyphtounicode
                      {Sigma}{03A3}
? 
! Undefined control sequence.
l.589 \pdfglyphtounicode
                      {Sixroman}{2165}
? 
! Undefined control sequence.
l.590 \pdfglyphtounicode
                      {Smonospace}{FF33}
? 
! Undefined control sequence.
l.591 \pdfglyphtounicode
                      {Softsigncyrillic}{042C}
? 
! Undefined control sequence.
l.592 \pdfglyphtounicode
                      {Ssmall}{0073}
? 
! Undefined control sequence.
l.593 \pdfglyphtounicode
                      {Stigmagreek}{03DA}
? 
! Undefined control sequence.
l.594 \pdfglyphtounicode
                      {T}{0054}
? 
! Undefined control sequence.
l.595 \pdfglyphtounicode
                      {Tau}{03A4}
? 
! Undefined control sequence.
l.596 \pdfglyphtounicode
                      {Tbar}{0166}
? 
! Undefined control sequence.
l.597 \pdfglyphtounicode
                      {Tcaron}{0164}
? 
! Undefined control sequence.
l.598 \pdfglyphtounicode
                      {Tcedilla}{0162}
? 
! Undefined control sequence.
l.599 \pdfglyphtounicode
                      {Tcircle}{24C9}
? 
! Undefined control sequence.
l.600 \pdfglyphtounicode
                      {Tcircumflexbelow}{1E70}
? 
! Undefined control sequence.
l.601 \pdfglyphtounicode
                      {Tcommaaccent}{0162}
? 
! Undefined control sequence.
l.602 \pdfglyphtounicode
                      {Tdotaccent}{1E6A}
? 
! Undefined control sequence.
l.603 \pdfglyphtounicode
                      {Tdotbelow}{1E6C}
? 
! Undefined control sequence.
l.604 \pdfglyphtounicode
                      {Tecyrillic}{0422}
? 
! Undefined control sequence.
l.605 \pdfglyphtounicode
                      {Tedescendercyrillic}{04AC}
? 
! Undefined control sequence.
l.606 \pdfglyphtounicode
                      {Tenroman}{2169}
? 
! Undefined control sequence.
l.607 \pdfglyphtounicode
                      {Tetsecyrillic}{04B4}
? 
! Undefined control sequence.
l.608 \pdfglyphtounicode
                      {Theta}{0398}
? 
! Undefined control sequence.
l.609 \pdfglyphtounicode
                      {Thook}{01AC}
? 
! Undefined control sequence.
l.610 \pdfglyphtounicode
                      {Thorn}{00DE}
? 
! Undefined control sequence.
l.611 \pdfglyphtounicode
                      {Thornsmall}{00FE}
? 
! Undefined control sequence.
l.612 \pdfglyphtounicode
                      {Threeroman}{2162}
? 
! Undefined control sequence.
l.613 \pdfglyphtounicode
                      {Tildesmall}{02DC}
? 
! Undefined control sequence.
l.614 \pdfglyphtounicode
                      {Tiwnarmenian}{054F}
? 
! Undefined control sequence.
l.615 \pdfglyphtounicode
                      {Tlinebelow}{1E6E}
? 
! Undefined control sequence.
l.616 \pdfglyphtounicode
                      {Tmonospace}{FF34}
? 
! Undefined control sequence.
l.617 \pdfglyphtounicode
                      {Toarmenian}{0539}
? 
! Undefined control sequence.
l.618 \pdfglyphtounicode
                      {Tonefive}{01BC}
? 
! Undefined control sequence.
l.619 \pdfglyphtounicode
                      {Tonesix}{0184}
? 
! Undefined control sequence.
l.620 \pdfglyphtounicode
                      {Tonetwo}{01A7}
? 
! Undefined control sequence.
l.621 \pdfglyphtounicode
                      {Tretroflexhook}{01AE}
? 
! Undefined control sequence.
l.622 \pdfglyphtounicode
                      {Tsecyrillic}{0426}
? 
! Undefined control sequence.
l.623 \pdfglyphtounicode
                      {Tshecyrillic}{040B}
? 
! Undefined control sequence.
l.624 \pdfglyphtounicode
                      {Tsmall}{0074}
? 
! Undefined control sequence.
l.625 \pdfglyphtounicode
                      {Twelveroman}{216B}
? 
! Undefined control sequence.
l.626 \pdfglyphtounicode
                      {Tworoman}{2161}
? 
! Undefined control sequence.
l.627 \pdfglyphtounicode
                      {U}{0055}
? 
! Undefined control sequence.
l.628 \pdfglyphtounicode
                      {Uacute}{00DA}
? 
! Undefined control sequence.
l.629 \pdfglyphtounicode
                      {Uacutesmall}{00FA}
? 
! Undefined control sequence.
l.630 \pdfglyphtounicode
                      {Ubreve}{016C}
? 
! Undefined control sequence.
l.631 \pdfglyphtounicode
                      {Ucaron}{01D3}
? 
! Undefined control sequence.
l.632 \pdfglyphtounicode
                      {Ucircle}{24CA}
? 
! Undefined control sequence.
l.633 \pdfglyphtounicode
                      {Ucircumflex}{00DB}
? 
! Undefined control sequence.
l.634 \pdfglyphtounicode
                      {Ucircumflexbelow}{1E76}
? 
! Undefined control sequence.
l.635 \pdfglyphtounicode
                      {Ucircumflexsmall}{00FB}
? 
! Undefined control sequence.
l.636 \pdfglyphtounicode
                      {Ucyrillic}{0423}
? 
! Undefined control sequence.
l.637 \pdfglyphtounicode
                      {Udblacute}{0170}
? 
! Undefined control sequence.
l.638 \pdfglyphtounicode
                      {Udblgrave}{0214}
? 
! Undefined control sequence.
l.639 \pdfglyphtounicode
                      {Udieresis}{00DC}
? 
! Undefined control sequence.
l.640 \pdfglyphtounicode
                      {Udieresisacute}{01D7}
? 
! Undefined control sequence.
l.641 \pdfglyphtounicode
                      {Udieresisbelow}{1E72}
? 
! Undefined control sequence.
l.642 \pdfglyphtounicode
                      {Udieresiscaron}{01D9}
? 
! Undefined control sequence.
l.643 \pdfglyphtounicode
                      {Udieresiscyrillic}{04F0}
? 
! Undefined control sequence.
l.644 \pdfglyphtounicode
                      {Udieresisgrave}{01DB}
? 
! Undefined control sequence.
l.645 \pdfglyphtounicode
                      {Udieresismacron}{01D5}
? 
! Undefined control sequence.
l.646 \pdfglyphtounicode
                      {Udieresissmall}{00FC}
? 
! Undefined control sequence.
l.647 \pdfglyphtounicode
                      {Udotbelow}{1EE4}
? 
! Undefined control sequence.
l.648 \pdfglyphtounicode
                      {Ugrave}{00D9}
? 
! Undefined control sequence.
l.649 \pdfglyphtounicode
                      {Ugravesmall}{00F9}
? 
! Undefined control sequence.
l.650 \pdfglyphtounicode
                      {Uhookabove}{1EE6}
? 
! Undefined control sequence.
l.651 \pdfglyphtounicode
                      {Uhorn}{01AF}
? 
! Undefined control sequence.
l.652 \pdfglyphtounicode
                      {Uhornacute}{1EE8}
? 
! Undefined control sequence.
l.653 \pdfglyphtounicode
                      {Uhorndotbelow}{1EF0}
? 
! Undefined control sequence.
l.654 \pdfglyphtounicode
                      {Uhorngrave}{1EEA}
? 
! Undefined control sequence.
l.655 \pdfglyphtounicode
                      {Uhornhookabove}{1EEC}
? 
! Undefined control sequence.
l.656 \pdfglyphtounicode
                      {Uhorntilde}{1EEE}
? 
! Undefined control sequence.
l.657 \pdfglyphtounicode
                      {Uhungarumlaut}{0170}
? 
! Undefined control sequence.
l.658 \pdfglyphtounicode
                      {Uhungarumlautcyrillic}{04F2}
? 
! Undefined control sequence.
l.659 \pdfglyphtounicode
                      {Uinvertedbreve}{0216}
? 
! Undefined control sequence.
l.660 \pdfglyphtounicode
                      {Ukcyrillic}{0478}
? 
! Undefined control sequence.
l.661 \pdfglyphtounicode
                      {Umacron}{016A}
? 
! Undefined control sequence.
l.662 \pdfglyphtounicode
                      {Umacroncyrillic}{04EE}
? 
! Undefined control sequence.
l.663 \pdfglyphtounicode
                      {Umacrondieresis}{1E7A}
? 
! Undefined control sequence.
l.664 \pdfglyphtounicode
                      {Umonospace}{FF35}
? 
! Undefined control sequence.
l.665 \pdfglyphtounicode
                      {Uogonek}{0172}
? 
! Undefined control sequence.
l.666 \pdfglyphtounicode
                      {Upsilon}{03A5}
? 
! Undefined control sequence.
l.667 \pdfglyphtounicode
                      {Upsilon1}{03D2}
? 
! Undefined control sequence.
l.668 \pdfglyphtounicode
                      {Upsilonacutehooksymbolgreek}{03D3}
? 
! Undefined control sequence.
l.669 \pdfglyphtounicode
                      {Upsilonafrican}{01B1}
? 
! Undefined control sequence.
l.670 \pdfglyphtounicode
                      {Upsilondieresis}{03AB}
? 
! Undefined control sequence.
l.671 \pdfglyphtounicode
                      {Upsilondieresishooksymbolgreek}{03D4}
? 
! Undefined control sequence.
l.672 \pdfglyphtounicode
                      {Upsilonhooksymbol}{03D2}
? 
! Undefined control sequence.
l.673 \pdfglyphtounicode
                      {Upsilontonos}{038E}
? 
! Undefined control sequence.
l.674 \pdfglyphtounicode
                      {Uring}{016E}
? 
! Undefined control sequence.
l.675 \pdfglyphtounicode
                      {Ushortcyrillic}{040E}
? 
! Undefined control sequence.
l.676 \pdfglyphtounicode
                      {Usmall}{0075}
? 
! Undefined control sequence.
l.677 \pdfglyphtounicode
                      {Ustraightcyrillic}{04AE}
? 
! Undefined control sequence.
l.678 \pdfglyphtounicode
                      {Ustraightstrokecyrillic}{04B0}
? 
! Undefined control sequence.
l.679 \pdfglyphtounicode
                      {Utilde}{0168}
? 
! Undefined control sequence.
l.680 \pdfglyphtounicode
                      {Utildeacute}{1E78}
? 
! Undefined control sequence.
l.681 \pdfglyphtounicode
                      {Utildebelow}{1E74}
? 
! Undefined control sequence.
l.682 \pdfglyphtounicode
                      {V}{0056}
? 
! Undefined control sequence.
l.683 \pdfglyphtounicode
                      {Vcircle}{24CB}
? 
! Undefined control sequence.
l.684 \pdfglyphtounicode
                      {Vdotbelow}{1E7E}
? 
! Undefined control sequence.
l.685 \pdfglyphtounicode
                      {Vecyrillic}{0412}
? 
! Undefined control sequence.
l.686 \pdfglyphtounicode
                      {Vewarmenian}{054E}
? 
! Undefined control sequence.
l.687 \pdfglyphtounicode
                      {Vhook}{01B2}
? 
! Undefined control sequence.
l.688 \pdfglyphtounicode
                      {Vmonospace}{FF36}
? 
! Undefined control sequence.
l.689 \pdfglyphtounicode
                      {Voarmenian}{0548}
? 
! Undefined control sequence.
l.690 \pdfglyphtounicode
                      {Vsmall}{0076}
? 
! Undefined control sequence.
l.691 \pdfglyphtounicode
                      {Vtilde}{1E7C}
? 
! Undefined control sequence.
l.692 \pdfglyphtounicode
                      {W}{0057}
? 
! Undefined control sequence.
l.693 \pdfglyphtounicode
                      {Wacute}{1E82}
? 
! Undefined control sequence.
l.694 \pdfglyphtounicode
                      {Wcircle}{24CC}
? 
! Undefined control sequence.
l.695 \pdfglyphtounicode
                      {Wcircumflex}{0174}
? 
! Undefined control sequence.
l.696 \pdfglyphtounicode
                      {Wdieresis}{1E84}
? 
! Undefined control sequence.
l.697 \pdfglyphtounicode
                      {Wdotaccent}{1E86}
? 
! Undefined control sequence.
l.698 \pdfglyphtounicode
                      {Wdotbelow}{1E88}
? 
! Undefined control sequence.
l.699 \pdfglyphtounicode
                      {Wgrave}{1E80}
? 
! Undefined control sequence.
l.700 \pdfglyphtounicode
                      {Wmonospace}{FF37}
? 
! Undefined control sequence.
l.701 \pdfglyphtounicode
                      {Wsmall}{0077}
? 
! Undefined control sequence.
l.702 \pdfglyphtounicode
                      {X}{0058}
? 
! Undefined control sequence.
l.703 \pdfglyphtounicode
                      {Xcircle}{24CD}
? 
! Undefined control sequence.
l.704 \pdfglyphtounicode
                      {Xdieresis}{1E8C}
? 
! Undefined control sequence.
l.705 \pdfglyphtounicode
                      {Xdotaccent}{1E8A}
? 
! Undefined control sequence.
l.706 \pdfglyphtounicode
                      {Xeharmenian}{053D}
? 
! Undefined control sequence.
l.707 \pdfglyphtounicode
                      {Xi}{039E}
? 
! Undefined control sequence.
l.708 \pdfglyphtounicode
                      {Xmonospace}{FF38}
? 
! Undefined control sequence.
l.709 \pdfglyphtounicode
                      {Xsmall}{0078}
? 
! Undefined control sequence.
l.710 \pdfglyphtounicode
                      {Y}{0059}
? 
! Undefined control sequence.
l.711 \pdfglyphtounicode
                      {Yacute}{00DD}
? 
! Undefined control sequence.
l.712 \pdfglyphtounicode
                      {Yacutesmall}{00FD}
? 
! Undefined control sequence.
l.713 \pdfglyphtounicode
                      {Yatcyrillic}{0462}
? 
! Undefined control sequence.
l.714 \pdfglyphtounicode
                      {Ycircle}{24CE}
? 
! Undefined control sequence.
l.715 \pdfglyphtounicode
                      {Ycircumflex}{0176}
? 
! Undefined control sequence.
l.716 \pdfglyphtounicode
                      {Ydieresis}{0178}
? 
! Undefined control sequence.
l.717 \pdfglyphtounicode
                      {Ydieresissmall}{00FF}
? 
! Undefined control sequence.
l.718 \pdfglyphtounicode
                      {Ydotaccent}{1E8E}
? 
! Undefined control sequence.
l.719 \pdfglyphtounicode
                      {Ydotbelow}{1EF4}
? 
! Undefined control sequence.
l.720 \pdfglyphtounicode
                      {Yen}{00A5}
? 
! Undefined control sequence.
l.721 \pdfglyphtounicode
                      {Yericyrillic}{042B}
? 
! Undefined control sequence.
l.722 \pdfglyphtounicode
                      {Yerudieresiscyrillic}{04F8}
? 
! Undefined control sequence.
l.723 \pdfglyphtounicode
                      {Ygrave}{1EF2}
? 
! Undefined control sequence.
l.724 \pdfglyphtounicode
                      {Yhook}{01B3}
? 
! Undefined control sequence.
l.725 \pdfglyphtounicode
                      {Yhookabove}{1EF6}
? 
! Undefined control sequence.
l.726 \pdfglyphtounicode
                      {Yiarmenian}{0545}
? 
! Undefined control sequence.
l.727 \pdfglyphtounicode
                      {Yicyrillic}{0407}
? 
! Undefined control sequence.
l.728 \pdfglyphtounicode
                      {Yiwnarmenian}{0552}
? 
! Undefined control sequence.
l.729 \pdfglyphtounicode
                      {Ymonospace}{FF39}
? 
! Undefined control sequence.
l.730 \pdfglyphtounicode
                      {Ysmall}{0079}
? 
! Undefined control sequence.
l.731 \pdfglyphtounicode
                      {Ytilde}{1EF8}
? 
! Undefined control sequence.
l.732 \pdfglyphtounicode
                      {Yusbigcyrillic}{046A}
? 
! Undefined control sequence.
l.733 \pdfglyphtounicode
                      {Yusbigiotifiedcyrillic}{046C}
? 
! Undefined control sequence.
l.734 \pdfglyphtounicode
                      {Yuslittlecyrillic}{0466}
? 
! Undefined control sequence.
l.735 \pdfglyphtounicode
                      {Yuslittleiotifiedcyrillic}{0468}
? 
! Undefined control sequence.
l.736 \pdfglyphtounicode
                      {Z}{005A}
? 
! Undefined control sequence.
l.737 \pdfglyphtounicode
                      {Zaarmenian}{0536}
? 
! Undefined control sequence.
l.738 \pdfglyphtounicode
                      {Zacute}{0179}
? 
! Undefined control sequence.
l.739 \pdfglyphtounicode
                      {Zcaron}{017D}
? 
! Undefined control sequence.
l.740 \pdfglyphtounicode
                      {Zcaronsmall}{017E}
? 
! Undefined control sequence.
l.741 \pdfglyphtounicode
                      {Zcircle}{24CF}
? 
! Undefined control sequence.
l.742 \pdfglyphtounicode
                      {Zcircumflex}{1E90}
? 
! Undefined control sequence.
l.743 \pdfglyphtounicode
                      {Zdot}{017B}
? 
! Undefined control sequence.
l.744 \pdfglyphtounicode
                      {Zdotaccent}{017B}
? 
! Emergency stop.
l.744 \pdfglyphtounicode
                      {Zdotaccent}{017B}
End of file on the terminal!



Here is how much of LuaTeX's memory you used:
 10059 strings out of 481365
 100000,460012 words of node,token memory allocated 81630 words of node memory still in use:
   3 hlist, 1 rule, 1 local_par, 1 dir, 751 glue, 3 kern, 10007 glyph, 1479 attr
ibute, 55 glue_spec, 1479 attribute_list, 1 temp, 1 write nodes
   avail lists: 1:1,3:2,4:1,5:2,8:2,9:2
 26909 multiletter control sequences out of 65536+600000
 25 fonts using 3258915 bytes
 34i,0n,45p,217b,45s stack positions out of 5000i,500n,10000p,200000b,100000s
!  ==> Fatal error occurred, no output PDF file produced!
